<?xml version="1.0" encoding="UTF-8"?>
<!-- Generated by org.testng.reporters.JUnitReportReporter -->
<testsuite skipped="0" hostname="N273" name="logic.Register" tests="1" failures="0" timestamp="10 May 2019 07:46:32 GMT" time="1.399" errors="0">
  <testcase name="register" time="1.399" classname="logic.Register"/>
</testsuite> <!-- logic.Register -->
