<?xml version="1.0" encoding="UTF-8"?>
<!-- Generated by org.testng.reporters.JUnitReportReporter -->
<testsuite skipped="0" hostname="N273" name="logic.Login" tests="1" failures="0" timestamp="10 May 2019 07:46:32 GMT" time="0.685" errors="0">
  <testcase name="register" time="0.685" classname="logic.Login"/>
</testsuite> <!-- logic.Login -->
