<?xml version="1.0" encoding="UTF-8"?>
<!-- Generated by org.testng.reporters.JUnitReportReporter -->
<testsuite skipped="0" hostname="N273" name="logic.CheckoutGuest" tests="1" failures="0" timestamp="10 May 2019 07:46:32 GMT" time="0.001" errors="0">
  <testcase name="Chck" time="0.001" classname="logic.CheckoutGuest"/>
</testsuite> <!-- logic.CheckoutGuest -->
